2019-07-06 20:27:12.634  INFO 20824 --- [main] o.s.b.w.embedded.tomcat.TomcatWebServer  : Tomcat initialized with port(s): 8884 (http)
2019-07-06 20:27:12.667  INFO 20824 --- [main] o.apache.catalina.core.StandardService   : Starting service [Tomcat]
2019-07-06 20:27:12.667  INFO 20824 --- [main] org.apache.catalina.core.StandardEngine  : Starting Servlet engine: [Apache Tomcat/9.0.21]
2019-07-06 20:27:12.753  INFO 20824 --- [main] o.a.c.c.C.[Tomcat].[localhost].[/]       : Initializing Spring embedded WebApplicationContext
2019-07-06 20:27:12.756  INFO 20824 --- [main] o.s.web.context.ContextLoader            : Root WebApplicationContext: initialization completed in 1130 ms
2019-07-06 20:27:12.940  INFO 20824 --- [main] o.s.s.concurrent.ThreadPoolTaskExecutor  : Initializing ExecutorService 'applicationTaskExecutor'
2019-07-06 20:27:13.109  INFO 20824 --- [main] o.s.b.w.embedded.tomcat.TomcatWebServer  : Tomcat started on port(s): 8884 (http) with context path ''
2019-07-06 20:27:54.015  INFO 20824 --- [http-nio-8884-exec-2] o.a.c.c.C.[Tomcat].[localhost].[/]       : Initializing Spring DispatcherServlet 'dispatcherServlet'
2019-07-06 20:27:54.017  INFO 20824 --- [http-nio-8884-exec-2] o.s.web.servlet.DispatcherServlet        : Initializing Servlet 'dispatcherServlet'
2019-07-06 20:27:54.022  INFO 20824 --- [http-nio-8884-exec-2] o.s.web.servlet.DispatcherServlet        : Completed initialization in 5 ms
2019-07-06 20:30:12.499  INFO 23688 --- [main] o.s.b.w.embedded.tomcat.TomcatWebServer  : Tomcat initialized with port(s): 8884 (http)
2019-07-06 20:30:12.525  INFO 23688 --- [main] o.apache.catalina.core.StandardService   : Starting service [Tomcat]
2019-07-06 20:30:12.526  INFO 23688 --- [main] org.apache.catalina.core.StandardEngine  : Starting Servlet engine: [Apache Tomcat/9.0.21]
2019-07-06 20:30:12.639  INFO 23688 --- [main] o.a.c.c.C.[Tomcat].[localhost].[/]       : Initializing Spring embedded WebApplicationContext
2019-07-06 20:30:12.641  INFO 23688 --- [main] o.s.web.context.ContextLoader            : Root WebApplicationContext: initialization completed in 1129 ms
2019-07-06 20:30:12.837  INFO 23688 --- [main] o.s.s.concurrent.ThreadPoolTaskExecutor  : Initializing ExecutorService 'applicationTaskExecutor'
2019-07-06 20:30:12.994  INFO 23688 --- [main] o.s.b.w.embedded.tomcat.TomcatWebServer  : Tomcat started on port(s): 8884 (http) with context path ''
2019-07-06 20:30:19.762  INFO 23688 --- [http-nio-8884-exec-1] o.a.c.c.C.[Tomcat].[localhost].[/]       : Initializing Spring DispatcherServlet 'dispatcherServlet'
2019-07-06 20:30:19.764  INFO 23688 --- [http-nio-8884-exec-1] o.s.web.servlet.DispatcherServlet        : Initializing Servlet 'dispatcherServlet'
2019-07-06 20:30:19.769  INFO 23688 --- [http-nio-8884-exec-1] o.s.web.servlet.DispatcherServlet        : Completed initialization in 5 ms
